D:\STORAGE\WORK\DISSERTATION\DISSERTATION\GAME TECH 2014\GAME TECHNOLOGIES\GAME TECHNOLOGIES\RELEASE\TEXTMESH.OBJ
D:\STORAGE\WORK\DISSERTATION\DISSERTATION\GAME TECH 2014\GAME TECHNOLOGIES\GAME TECHNOLOGIES\RELEASE\SPRING.OBJ
D:\STORAGE\WORK\DISSERTATION\DISSERTATION\GAME TECH 2014\GAME TECHNOLOGIES\GAME TECHNOLOGIES\RELEASE\RENDERER.OBJ
D:\STORAGE\WORK\DISSERTATION\DISSERTATION\GAME TECH 2014\GAME TECHNOLOGIES\GAME TECHNOLOGIES\RELEASE\PHYSICSSYSTEM.OBJ
D:\STORAGE\WORK\DISSERTATION\DISSERTATION\GAME TECH 2014\GAME TECHNOLOGIES\GAME TECHNOLOGIES\RELEASE\PHYSICSNODE.OBJ
D:\STORAGE\WORK\DISSERTATION\DISSERTATION\GAME TECH 2014\GAME TECHNOLOGIES\GAME TECHNOLOGIES\RELEASE\PERFORMANCE.OBJ
D:\STORAGE\WORK\DISSERTATION\DISSERTATION\GAME TECH 2014\GAME TECHNOLOGIES\GAME TECHNOLOGIES\RELEASE\MYGAME.OBJ
D:\STORAGE\WORK\DISSERTATION\DISSERTATION\GAME TECH 2014\GAME TECHNOLOGIES\GAME TECHNOLOGIES\RELEASE\MESHSTORAGE.OBJ
D:\STORAGE\WORK\DISSERTATION\DISSERTATION\GAME TECH 2014\GAME TECHNOLOGIES\GAME TECHNOLOGIES\RELEASE\MAIN.OBJ
D:\STORAGE\WORK\DISSERTATION\DISSERTATION\GAME TECH 2014\GAME TECHNOLOGIES\GAME TECHNOLOGIES\RELEASE\LIGHTSTORAGE.OBJ
D:\STORAGE\WORK\DISSERTATION\DISSERTATION\GAME TECH 2014\GAME TECHNOLOGIES\GAME TECHNOLOGIES\RELEASE\GAMEENTITY.OBJ
D:\STORAGE\WORK\DISSERTATION\DISSERTATION\GAME TECH 2014\GAME TECHNOLOGIES\GAME TECHNOLOGIES\RELEASE\GAMECLASS.OBJ
D:\STORAGE\WORK\DISSERTATION\DISSERTATION\GAME TECH 2014\GAME TECHNOLOGIES\GAME TECHNOLOGIES\RELEASE\EXTENDINGMESH.OBJ
D:\STORAGE\WORK\DISSERTATION\DISSERTATION\GAME TECH 2014\GAME TECHNOLOGIES\GAME TECHNOLOGIES\RELEASE\COLLISIONDETECTOR.OBJ
D:\STORAGE\WORK\DISSERTATION\DISSERTATION\GAME TECH 2014\GAME TECHNOLOGIES\GAME TECHNOLOGIES\RELEASE\AIMANAGER.OBJ
D:\STORAGE\WORK\DISSERTATION\DISSERTATION\GAME TECH 2014\GAME TECHNOLOGIES\GAME TECHNOLOGIES\RELEASE\VC110.PDB
D:\STORAGE\WORK\DISSERTATION\DISSERTATION\GAME TECH 2014\GAME TECHNOLOGIES\RELEASE\GAMETECH.EXE
D:\STORAGE\WORK\DISSERTATION\DISSERTATION\GAME TECH 2014\GAME TECHNOLOGIES\RELEASE\GAMETECH.PDB
D:\Storage\Work\Dissertation\Dissertation\Game Tech 2014\Game Technologies\Game Technologies\Release\kernal.cu.cache
D:\Storage\Work\Dissertation\Dissertation\Game Tech 2014\Game Technologies\Game Technologies\Release\AIManager.obj
D:\Storage\Work\Dissertation\Dissertation\Game Tech 2014\Game Technologies\Game Technologies\Release\CollisionDetector.obj
D:\Storage\Work\Dissertation\Dissertation\Game Tech 2014\Game Technologies\Game Technologies\Release\ExtendingMesh.obj
D:\Storage\Work\Dissertation\Dissertation\Game Tech 2014\Game Technologies\Game Technologies\Release\GameClass.obj
D:\Storage\Work\Dissertation\Dissertation\Game Tech 2014\Game Technologies\Game Technologies\Release\GameEntity.obj
D:\Storage\Work\Dissertation\Dissertation\Game Tech 2014\Game Technologies\Game Technologies\Release\kernal.cu.obj
D:\Storage\Work\Dissertation\Dissertation\Game Tech 2014\Game Technologies\Game Technologies\Release\LightStorage.obj
D:\Storage\Work\Dissertation\Dissertation\Game Tech 2014\Game Technologies\Game Technologies\Release\Main.obj
D:\Storage\Work\Dissertation\Dissertation\Game Tech 2014\Game Technologies\Game Technologies\Release\MeshStorage.obj
D:\Storage\Work\Dissertation\Dissertation\Game Tech 2014\Game Technologies\Game Technologies\Release\MyGame.obj
D:\Storage\Work\Dissertation\Dissertation\Game Tech 2014\Game Technologies\Game Technologies\Release\Performance.obj
D:\Storage\Work\Dissertation\Dissertation\Game Tech 2014\Game Technologies\Game Technologies\Release\PhysicsNode.obj
D:\Storage\Work\Dissertation\Dissertation\Game Tech 2014\Game Technologies\Game Technologies\Release\PhysicsSystem.obj
D:\Storage\Work\Dissertation\Dissertation\Game Tech 2014\Game Technologies\Game Technologies\Release\Renderer.obj
D:\Storage\Work\Dissertation\Dissertation\Game Tech 2014\Game Technologies\Game Technologies\Release\Spring.obj
D:\Storage\Work\Dissertation\Dissertation\Game Tech 2014\Game Technologies\Game Technologies\Release\TextMesh.obj
D:\Storage\Work\Dissertation\Dissertation\Game Tech 2014\Game Technologies\Game Technologies\Release\cl.command.1.tlog
D:\Storage\Work\Dissertation\Dissertation\Game Tech 2014\Game Technologies\Game Technologies\Release\CL.read.1.tlog
D:\Storage\Work\Dissertation\Dissertation\Game Tech 2014\Game Technologies\Game Technologies\Release\CL.write.1.tlog
D:\Storage\Work\Dissertation\Dissertation\Game Tech 2014\Game Technologies\Game Technologies\Release\link-cvtres.read.1.tlog
D:\Storage\Work\Dissertation\Dissertation\Game Tech 2014\Game Technologies\Game Technologies\Release\link-cvtres.write.1.tlog
D:\Storage\Work\Dissertation\Dissertation\Game Tech 2014\Game Technologies\Game Technologies\Release\link-rc.read.1.tlog
D:\Storage\Work\Dissertation\Dissertation\Game Tech 2014\Game Technologies\Game Technologies\Release\link-rc.write.1.tlog
D:\Storage\Work\Dissertation\Dissertation\Game Tech 2014\Game Technologies\Game Technologies\Release\link.command.1.tlog
D:\Storage\Work\Dissertation\Dissertation\Game Tech 2014\Game Technologies\Game Technologies\Release\link.read.1.tlog
D:\Storage\Work\Dissertation\Dissertation\Game Tech 2014\Game Technologies\Game Technologies\Release\link.read.2.tlog
D:\Storage\Work\Dissertation\Dissertation\Game Tech 2014\Game Technologies\Game Technologies\Release\link.read.3.tlog
D:\Storage\Work\Dissertation\Dissertation\Game Tech 2014\Game Technologies\Game Technologies\Release\link.read.4.tlog
D:\Storage\Work\Dissertation\Dissertation\Game Tech 2014\Game Technologies\Game Technologies\Release\link.read.5.tlog
D:\Storage\Work\Dissertation\Dissertation\Game Tech 2014\Game Technologies\Game Technologies\Release\link.write.1.tlog
D:\Storage\Work\Dissertation\Dissertation\Game Tech 2014\Game Technologies\Game Technologies\Release\vc110.pdb
D:\Storage\Work\Dissertation\Dissertation\Game Tech 2014\Game Technologies\Release\GameTech.pdb
D:\Storage\Work\Dissertation\Dissertation\Game Tech 2014\Game Technologies\Release\GameTech.exe
