Build started 09/05/2015 21:37:01.
     1>Project "D:\Storage\Work\Dissertation\Dissertation\Game Tech 2014\Game Technologies\Game Technologies\GameTech.vcxproj" on node 2 (Build target(s)).
       Project file contains ToolsVersion="12.0". This toolset may be unknown or missing, in which case you may be able to resolve this by installing the appropriate version of MSBuild, or the build may have been forced to a particular ToolsVersion for policy reasons. Treating the project as if it had ToolsVersion="4.0". For more information, please see http://go.microsoft.com/fwlink/?LinkId=291333.
     1>AddCudaCompileDeps:
         C:\Program Files (x86)\Microsoft Visual Studio 11.0\VC\bin\cl.exe /E /nologo /showIncludes /TP /D__CUDACC__ /D_MBCS /I"C:\Program Files\NVIDIA GPU Computing Toolkit\CUDA\v6.5\include" /I"C:\Program Files\NVIDIA GPU Computing Toolkit\CUDA\v6.5\bin" /I"C:\Program Files\NVIDIA GPU Computing Toolkit\CUDA\v6.5\include" /I. /FIcuda_runtime.h /c "D:\Storage\Work\Dissertation\Dissertation\Game Tech 2014\Game Technologies\Game Technologies\kernal.cu" 
       CudaBuild:
         Compiling CUDA source file kernal.cu...
         cmd.exe /C "C:\Users\B1030516\AppData\Local\Temp\tmp7bf5ad1bd70148cbadd781408fa29200.cmd"
         "C:\Program Files\NVIDIA GPU Computing Toolkit\CUDA\v6.5\bin\nvcc.exe" -gencode=arch=compute_20,code=\"sm_20,compute_20\" --use-local-env --cl-version 2012 -ccbin "C:\Program Files (x86)\Microsoft Visual Studio 11.0\VC\bin"  -I"C:\Program Files\NVIDIA GPU Computing Toolkit\CUDA\v6.5\include" -I"C:\Program Files\NVIDIA GPU Computing Toolkit\CUDA\v6.5\include"  -G   --keep-dir Debug -maxrregcount=0  --machine 32 --compile -cudart static  -g   -D_MBCS -Xcompiler "/EHsc /W3 /nologo /Od /Zi /RTC1 /MDd  " -o Debug\kernal.cu.obj "D:\Storage\Work\Dissertation\Dissertation\Game Tech 2014\Game Technologies\Game Technologies\kernal.cu"
         
         D:\Storage\Work\Dissertation\Dissertation\Game Tech 2014\Game Technologies\Game Technologies>"C:\Program Files\NVIDIA GPU Computing Toolkit\CUDA\v6.5\bin\nvcc.exe" -gencode=arch=compute_20,code=\"sm_20,compute_20\" --use-local-env --cl-version 2012 -ccbin "C:\Program Files (x86)\Microsoft Visual Studio 11.0\VC\bin"  -I"C:\Program Files\NVIDIA GPU Computing Toolkit\CUDA\v6.5\include" -I"C:\Program Files\NVIDIA GPU Computing Toolkit\CUDA\v6.5\include"  -G   --keep-dir Debug -maxrregcount=0  --machine 32 --compile -cudart static  -g   -D_MBCS -Xcompiler "/EHsc /W3 /nologo /Od /Zi /RTC1 /MDd  " -o Debug\kernal.cu.obj "D:\Storage\Work\Dissertation\Dissertation\Game Tech 2014\Game Technologies\Game Technologies\kernal.cu" 
     1>D:/Storage/Work/Dissertation/Dissertation/Game Tech 2014/Game Technologies/Game Technologies/kernal.cu(314): warning : variable "pa" was declared but never referenced
     1>D:/Storage/Work/Dissertation/Dissertation/Game Tech 2014/Game Technologies/Game Technologies/kernal.cu(314): warning : variable "pa" was declared but never referenced
         kernal.cu
       ClCompile:
         C:\Program Files (x86)\Microsoft Visual Studio 11.0\VC\bin\CL.exe /c /I"C:\Program Files\NVIDIA GPU Computing Toolkit\CUDA\v6.5\include" /ZI /nologo /W3 /WX- /Od /Oy- /D _MBCS /Gm /EHsc /RTC1 /MDd /GS /fp:precise /Zc:wchar_t /Zc:forScope /Fo"Debug\\" /Fd"Debug\vc110.pdb" /Gd /TP /analyze- /errorReport:prompt AIManager.cpp Main.cpp MyGame.cpp PhysicsSystem.cpp
         MyGame.cpp
     1>d:\storage\work\dissertation\dissertation\game tech 2014\game technologies\game technologies\mygame.cpp(66): warning C4244: 'initializing' : conversion from 'int' to 'float', possible loss of data
     1>d:\storage\work\dissertation\dissertation\game tech 2014\game technologies\game technologies\mygame.cpp(67): warning C4244: 'initializing' : conversion from 'int' to 'float', possible loss of data
     1>d:\storage\work\dissertation\dissertation\game tech 2014\game technologies\game technologies\mygame.cpp(69): warning C4244: 'argument' : conversion from 'int' to 'const float', possible loss of data
     1>d:\storage\work\dissertation\dissertation\game tech 2014\game technologies\game technologies\mygame.cpp(80): warning C4244: 'argument' : conversion from 'int' to 'const float', possible loss of data
         Main.cpp
         AIManager.cpp
     1>d:\storage\work\dissertation\dissertation\game tech 2014\game technologies\game technologies\aimanager.cpp(202): warning C4244: 'initializing' : conversion from 'int' to 'float', possible loss of data
     1>d:\storage\work\dissertation\dissertation\game tech 2014\game technologies\game technologies\aimanager.cpp(332): warning C4244: '=' : conversion from 'int' to 'float', possible loss of data
     1>d:\storage\work\dissertation\dissertation\game tech 2014\game technologies\game technologies\aimanager.cpp(400): warning C4244: '=' : conversion from 'float' to 'int', possible loss of data
     1>d:\storage\work\dissertation\dissertation\game tech 2014\game technologies\game technologies\aimanager.cpp(405): warning C4244: '=' : conversion from 'float' to 'int', possible loss of data
     1>d:\storage\work\dissertation\dissertation\game tech 2014\game technologies\game technologies\aimanager.cpp(410): warning C4244: '=' : conversion from 'float' to 'int', possible loss of data
     1>d:\storage\work\dissertation\dissertation\game tech 2014\game technologies\game technologies\aimanager.cpp(458): warning C4244: 'argument' : conversion from 'const int' to 'float', possible loss of data
         Generating Code...
         Skipping... (no relevant changes detected)
         PhysicsSystem.cpp
       Link:
         C:\Program Files (x86)\Microsoft Visual Studio 11.0\VC\bin\link.exe /ERRORREPORT:PROMPT /OUT:"D:\Storage\Work\Dissertation\Dissertation\Game Tech 2014\Game Technologies\Debug\GameTech.exe" /INCREMENTAL /NOLOGO /LIBPATH:"C:\Program Files\NVIDIA GPU Computing Toolkit\CUDA\v6.5\lib\Win32" cudart.lib kernel32.lib user32.lib gdi32.lib winspool.lib comdlg32.lib advapi32.lib shell32.lib ole32.lib oleaut32.lib uuid.lib odbc32.lib odbccp32.lib /MANIFEST /MANIFESTUAC:"level='asInvoker' uiAccess='false'" /manifest:embed /DEBUG /PDB:"D:\Storage\Work\Dissertation\Dissertation\Game Tech 2014\Game Technologies\Debug\GameTech.pdb" /TLBID:1 /DYNAMICBASE /NXCOMPAT /IMPLIB:"D:\Storage\Work\Dissertation\Dissertation\Game Tech 2014\Game Technologies\Debug\GameTech.lib" /MACHINE:X86 Debug\kernal.cu.obj
         Debug\AIManager.obj
         Debug\CollisionDetector.obj
         Debug\ExtendingMesh.obj
         Debug\GameClass.obj
         Debug\GameEntity.obj
         Debug\LightStorage.obj
         Debug\Main.obj
         Debug\MeshStorage.obj
         Debug\MyGame.obj
         Debug\Performance.obj
         Debug\PhysicsNode.obj
         Debug\PhysicsSystem.obj
         Debug\Renderer.obj
         Debug\Spring.obj
         Debug\TextMesh.obj
         GameTech.vcxproj -> D:\Storage\Work\Dissertation\Dissertation\Game Tech 2014\Game Technologies\Debug\GameTech.exe
     1>Done Building Project "D:\Storage\Work\Dissertation\Dissertation\Game Tech 2014\Game Technologies\Game Technologies\GameTech.vcxproj" (Build target(s)).

Build succeeded.

Time Elapsed 00:00:08.85
