D:\STORAGE\WORK\DISSERTATION\DISSERTATION\GAME TECH 2014\NCLGL\RELEASE\TEXT2D.OBJ
D:\STORAGE\WORK\DISSERTATION\DISSERTATION\GAME TECH 2014\NCLGL\RELEASE\SHADER.OBJ
D:\STORAGE\WORK\DISSERTATION\DISSERTATION\GAME TECH 2014\NCLGL\RELEASE\SCENENODE.OBJ
D:\STORAGE\WORK\DISSERTATION\DISSERTATION\GAME TECH 2014\NCLGL\RELEASE\QUATERNION.OBJ
D:\STORAGE\WORK\DISSERTATION\DISSERTATION\GAME TECH 2014\NCLGL\RELEASE\PLANE.OBJ
D:\STORAGE\WORK\DISSERTATION\DISSERTATION\GAME TECH 2014\NCLGL\RELEASE\OGLRENDERER.OBJ
D:\STORAGE\WORK\DISSERTATION\DISSERTATION\GAME TECH 2014\NCLGL\RELEASE\OBJMESH.OBJ
D:\STORAGE\WORK\DISSERTATION\DISSERTATION\GAME TECH 2014\NCLGL\RELEASE\MOUSE.OBJ
D:\STORAGE\WORK\DISSERTATION\DISSERTATION\GAME TECH 2014\NCLGL\RELEASE\MESH.OBJ
D:\STORAGE\WORK\DISSERTATION\DISSERTATION\GAME TECH 2014\NCLGL\RELEASE\MD5NODE.OBJ
D:\STORAGE\WORK\DISSERTATION\DISSERTATION\GAME TECH 2014\NCLGL\RELEASE\MD5MESH.OBJ
D:\STORAGE\WORK\DISSERTATION\DISSERTATION\GAME TECH 2014\NCLGL\RELEASE\MD5FILEDATA.OBJ
D:\STORAGE\WORK\DISSERTATION\DISSERTATION\GAME TECH 2014\NCLGL\RELEASE\MD5ANIM.OBJ
D:\STORAGE\WORK\DISSERTATION\DISSERTATION\GAME TECH 2014\NCLGL\RELEASE\MATRIX4.OBJ
D:\STORAGE\WORK\DISSERTATION\DISSERTATION\GAME TECH 2014\NCLGL\RELEASE\KEYBOARD.OBJ
D:\STORAGE\WORK\DISSERTATION\DISSERTATION\GAME TECH 2014\NCLGL\RELEASE\HEIGHTMAP.OBJ
D:\STORAGE\WORK\DISSERTATION\DISSERTATION\GAME TECH 2014\NCLGL\RELEASE\GAMETIMER.OBJ
D:\STORAGE\WORK\DISSERTATION\DISSERTATION\GAME TECH 2014\NCLGL\RELEASE\FRUSTUM.OBJ
D:\STORAGE\WORK\DISSERTATION\DISSERTATION\GAME TECH 2014\NCLGL\RELEASE\CUBEROBOT.OBJ
D:\STORAGE\WORK\DISSERTATION\DISSERTATION\GAME TECH 2014\NCLGL\RELEASE\CAMERA.OBJ
D:\STORAGE\WORK\DISSERTATION\DISSERTATION\GAME TECH 2014\NCLGL\RELEASE\WINDOW.OBJ
D:\STORAGE\WORK\DISSERTATION\DISSERTATION\GAME TECH 2014\NCLGL\RELEASE\VC110.PDB
D:\STORAGE\WORK\DISSERTATION\DISSERTATION\GAME TECH 2014\GAME TECHNOLOGIES\RELEASE\NCLGL.LIB
D:\Storage\Work\Dissertation\Dissertation\Game Tech 2014\nclgl\Release\Camera.obj
D:\Storage\Work\Dissertation\Dissertation\Game Tech 2014\nclgl\Release\CubeRobot.obj
D:\Storage\Work\Dissertation\Dissertation\Game Tech 2014\nclgl\Release\Frustum.obj
D:\Storage\Work\Dissertation\Dissertation\Game Tech 2014\nclgl\Release\GameTimer.obj
D:\Storage\Work\Dissertation\Dissertation\Game Tech 2014\nclgl\Release\HeightMap.obj
D:\Storage\Work\Dissertation\Dissertation\Game Tech 2014\nclgl\Release\Keyboard.obj
D:\Storage\Work\Dissertation\Dissertation\Game Tech 2014\nclgl\Release\Matrix4.obj
D:\Storage\Work\Dissertation\Dissertation\Game Tech 2014\nclgl\Release\MD5Anim.obj
D:\Storage\Work\Dissertation\Dissertation\Game Tech 2014\nclgl\Release\MD5FileData.obj
D:\Storage\Work\Dissertation\Dissertation\Game Tech 2014\nclgl\Release\MD5Mesh.obj
D:\Storage\Work\Dissertation\Dissertation\Game Tech 2014\nclgl\Release\MD5Node.obj
D:\Storage\Work\Dissertation\Dissertation\Game Tech 2014\nclgl\Release\Mesh.obj
D:\Storage\Work\Dissertation\Dissertation\Game Tech 2014\nclgl\Release\Mouse.obj
D:\Storage\Work\Dissertation\Dissertation\Game Tech 2014\nclgl\Release\OBJMesh.obj
D:\Storage\Work\Dissertation\Dissertation\Game Tech 2014\nclgl\Release\OGLRenderer.obj
D:\Storage\Work\Dissertation\Dissertation\Game Tech 2014\nclgl\Release\Plane.obj
D:\Storage\Work\Dissertation\Dissertation\Game Tech 2014\nclgl\Release\Quaternion.obj
D:\Storage\Work\Dissertation\Dissertation\Game Tech 2014\nclgl\Release\SceneNode.obj
D:\Storage\Work\Dissertation\Dissertation\Game Tech 2014\nclgl\Release\Shader.obj
D:\Storage\Work\Dissertation\Dissertation\Game Tech 2014\nclgl\Release\Text2D.obj
D:\Storage\Work\Dissertation\Dissertation\Game Tech 2014\nclgl\Release\Window.obj
D:\Storage\Work\Dissertation\Dissertation\Game Tech 2014\nclgl\Release\cl.command.1.tlog
D:\Storage\Work\Dissertation\Dissertation\Game Tech 2014\nclgl\Release\CL.read.1.tlog
D:\Storage\Work\Dissertation\Dissertation\Game Tech 2014\nclgl\Release\CL.write.1.tlog
D:\Storage\Work\Dissertation\Dissertation\Game Tech 2014\nclgl\Release\Lib-link.read.1.tlog
D:\Storage\Work\Dissertation\Dissertation\Game Tech 2014\nclgl\Release\Lib-link.write.1.tlog
D:\Storage\Work\Dissertation\Dissertation\Game Tech 2014\nclgl\Release\lib.command.1.tlog
D:\Storage\Work\Dissertation\Dissertation\Game Tech 2014\nclgl\Release\vc110.pdb
D:\Storage\Work\Dissertation\Dissertation\Game Tech 2014\Game Technologies\Release\nclgl.lib
